<?xml version="1.0" encoding="UTF-8"?>
<!-- Generated by org.testng.reporters.JUnitReportReporter -->
<testsuite hostname="Divyesh_Dhaanvi" failures="0" tests="4" name="runner.TestRunner" time="9.317" errors="0" timestamp="2024-11-14T12:14:07 CST" skipped="0">
  <testcase classname="runner.TestRunner" name="runScenario" time="0.065"/>
  <testcase classname="runner.TestRunner" name="runScenario" time="9.185"/>
  <testcase classname="runner.TestRunner" name="runScenario" time="0.042"/>
  <testcase classname="runner.TestRunner" name="runScenario" time="0.025"/>
</testsuite> <!-- runner.TestRunner -->
